make all --print-data-base --no-builtin-variables --no-builtin-rules --question
# GNU Make 4.1
# Built for x86_64-pc-linux-gnu
# Copyright (C) 1988-2014 Free Software Foundation, Inc.
# License GPLv3+: GNU GPL version 3 or later <http://gnu.org/licenses/gpl.html>
# This is free software: you are free to change and redistribute it.
# There is NO WARRANTY, to the extent permitted by law.

# Make data base, printed on Tue Sep 20 18:26:24 2022

# Variables

# automatic
<D = $(patsubst %/,%,$(dir $<))
# automatic
?F = $(notdir $?)
# environment
DESKTOP_SESSION = ubuntu
# default
.SHELLFLAGS := -c
# makefile (from 'makefile', line 24)
RFLAGS = -O3 -mtune=native
# environment
XDG_SESSION_TYPE = x11
# makefile (from 'makefile', line 13)
DEP_FLAGS = -M -MT $@ -MT $(BIN_PATH)/$(*F).o -MP -MF $@
# environment
VSCODE_LOG_NATIVE = false
# environment
UPSTART_INSTANCE = 
# automatic
?D = $(patsubst %/,%,$(dir $?))
# automatic
@D = $(patsubst %/,%,$(dir $@))
# environment
XAUTHORITY = /home/trajano/.Xauthority
# environment
GDMSESSION = ubuntu
# environment
XMODIFIERS = @im=ibus
# makefile
CURDIR := /home/trajano/Documents/idj/idj
# makefile
SHELL = /bin/sh
# makefile (from 'makefile', line 10)
RM = rm -f
# makefile (from 'makefile', line 32)
CPP_FILES = $(wildcard $(SRC_PATH)/*.cpp)
# environment
UPSTART_JOB = unity7
# environment
VSCODE_NLS_CONFIG = {"locale":"en-us","availableLanguages":{},"_languagePackSupport":true}
# environment
_ = /usr/share/code/code
# environment
XDG_CONFIG_DIRS = /etc/xdg/xdg-ubuntu:/usr/share/upstart/xdg:/etc/xdg
# makefile (from 'makefile', line 35)
DEP_FILES = $(addprefix $(DEP_PATH)/,$(addsuffix .d,$(FILE_NAMES)))
# makefile (from 'makefile', line 1)
MAKEFILE_LIST :=  makefile
# automatic
@F = $(notdir $@)
# environment
GIO_LAUNCHED_DESKTOP_FILE = /usr/share/applications/code.desktop
# 'override' directive
GNUMAKEFLAGS := 
# environment
SESSIONTYPE = gnome-session
# makefile (from 'makefile', line 22)
DFLAGS = -ggdb -O0 -DDEBUG
# environment
MAKELEVEL := 0
# environment
MANDATORY_PATH = /usr/share/gconf/ubuntu.mandatory.path
# environment
XDG_DATA_DIRS = /usr/share/ubuntu:/usr/share/gnome:/usr/local/share:/usr/share:/var/lib/snapd/desktop
# environment
DBUS_SESSION_BUS_ADDRESS = unix:abstract=/tmp/dbus-6K6cttdpfi
# environment
VSCODE_VERBOSE_LOGGING = true
# environment
LC_CTYPE = pt_BR.UTF-8
# makefile (from 'makefile', line 28)
BIN_PATH = bin
# environment
UNITY_DEFAULT_PROFILE = unity
# environment
CLUTTER_IM_MODULE = xim
# environment
LESSOPEN = | /usr/bin/lesspipe %s
# environment
LC_NAME = pt_BR.UTF-8
# environment
VSCODE_CWD = /home/trajano
# environment
XDG_SESSION_PATH = /org/freedesktop/DisplayManager/Session0
# default
MAKE_HOST := x86_64-pc-linux-gnu
# makefile (from 'makefile', line 36)
OBJ_FILES = $(addprefix $(BIN_PATH)/,$(notdir $(CPP_FILES:.cpp=.o)))
# environment
PATH = /home/trajano/bin:/home/trajano/.local/bin:/home/trajano/bin:/home/trajano/.local/bin:/usr/local/sbin:/usr/local/bin:/usr/sbin:/usr/bin:/sbin:/bin:/usr/games:/usr/local/games:/snap/bin
# environment
UNITY_HAS_3D_SUPPORT = true
# environment
GPG_AGENT_INFO = /home/trajano/.gnupg/S.gpg-agent:0:1
# environment
SESSION_MANAGER = local/trajano:@/tmp/.ICE-unix/1690,unix/trajano:/tmp/.ICE-unix/1690
# environment
XDG_RUNTIME_DIR = /run/user/1000
# makefile (from 'makefile', line 27)
SRC_PATH = src
# environment
XDG_MENU_PREFIX = gnome-
# environment
VSCODE_LOG_STACK = false
# environment
ELECTRON_RUN_AS_NODE = 1
# default
.FEATURES := target-specific order-only second-expansion else-if shortest-stem undefine oneshell archives jobserver output-sync check-symlink load
# environment
SESSION = ubuntu
# environment
XDG_GREETER_DATA_DIR = /var/lib/lightdm-data/trajano
# environment
LS_COLORS = 
# environment
JOB = unity-settings-daemon
# environment
XDG_SESSION_DESKTOP = ubuntu
# environment
SSH_AUTH_SOCK = /run/user/1000/keyring/ssh
# environment
GIO_LAUNCHED_DESKTOP_FILE_PID = 28481
# automatic
%F = $(notdir $%)
# makefile (from 'makefile', line 67)
UNAME_S := Linux
# environment
DISPLAY = :0
# environment
GTK_IM_MODULE = ibus
# environment
VSCODE_PIPE_LOGGING = true
# environment
PWD = /home/trajano/Documents/idj/idj
# environment
QT_QPA_PLATFORMTHEME = appmenu-qt5
# environment
XDG_SEAT = seat0
# environment
GDM_LANG = en_US
# environment
ORIGINAL_XDG_CURRENT_DESKTOP = Unity
# environment
GTK_MODULES = gail:atk-bridge:unity-gtk-module
# environment
VSCODE_AMD_ENTRYPOINT = vs/workbench/api/node/extensionHostProcess
# environment
HOME = /home/trajano
# environment
LESSCLOSE = /usr/bin/lesspipe %s %s
# environment
VSCODE_CODE_CACHE_PATH = /home/trajano/.config/Code/CachedData/30d9c6cd9483b2cc586687151bcbcd635f373630
# environment
LOGNAME = trajano
# environment
QT_LINUX_ACCESSIBILITY_ALWAYS_ON = 1
# environment
APPLICATION_INSIGHTS_NO_DIAGNOSTIC_CHANNEL = 1
# automatic
+F = $(notdir $+)
# makefile (from 'makefile', line 17)
INC_PATHS = -I$(INC_PATH) $(addprefix -I,$(SDL_INC_PATH))
# makefile (from 'makefile', line 29)
DEP_PATH = dep
# environment
VSCODE_HANDLES_UNCAUGHT_ERRORS = true
# default
MAKE_VERSION := 4.1
# environment
GNOME_DESKTOP_SESSION_ID = this-is-deprecated
# automatic
^D = $(patsubst %/,%,$(dir $^))
# environment
XDG_VTNR = 7
# makefile (from 'makefile', line 33)
INC_FILES = $(wildcard $(INC_PATH)/*.h)
# environment
LC_TIME = pt_BR.UTF-8
# makefile (from 'makefile', line 34)
FILE_NAMES = $(sort $(notdir $(CPP_FILES:.cpp=)) $(notdir $(INC_FILES:.h=)))
# default
MAKE = $(MAKE_COMMAND)
# default
MAKECMDGOALS := all
# environment
QT_IM_MODULE = ibus
# makefile (from 'makefile', line 8)
RMDIR = rm -rdf
# environment
SHLVL = 1
# environment
IM_CONFIG_PHASE = 1
# environment
VSCODE_IPC_HOOK_EXTHOST = /run/user/1000/vscode-ipc-a772ba41-fc4a-4714-839f-c236e372a21e.sock
# environment
COMPIZ_CONFIG_PROFILE = ubuntu
# makefile (from 'makefile', line 39)
EXEC = Matheus_170152227
# environment
XDG_SESSION_ID = c2
# environment
USER = trajano
# environment
LC_MONETARY = pt_BR.UTF-8
# makefile
.DEFAULT_GOAL := all
# environment
XDG_CURRENT_DESKTOP = Unity
# environment
UPSTART_EVENTS = xsession started
# automatic
%D = $(patsubst %/,%,$(dir $%))
# environment
GNOME_KEYRING_PID = 
# environment
LC_TELEPHONE = pt_BR.UTF-8
# default
MAKE_COMMAND := make
# default
.VARIABLES := 
# automatic
*F = $(notdir $*)
# environment
LANGUAGE = en_US
# environment
XDG_SEAT_PATH = /org/freedesktop/DisplayManager/Seat0
# environment
VSCODE_IPC_HOOK = /run/user/1000/vscode-77a85707-1.68.1-main.sock
# environment
GNOME_KEYRING_CONTROL = 
# makefile
MAKEFLAGS = pqrR
# environment
MFLAGS = -pqrR
# automatic
*D = $(patsubst %/,%,$(dir $*))
# automatic
+D = $(patsubst %/,%,$(dir $+))
# environment
GDK_BACKEND = x11
# environment
LC_PAPER = pt_BR.UTF-8
# environment
GTK2_MODULES = overlay-scrollbar
# environment
QT_ACCESSIBILITY = 1
# environment
COMPIZ_BIN_PATH = /usr/bin/
# environment
DEFAULTS_PATH = /usr/share/gconf/ubuntu.default.path
# makefile (from 'makefile', line 6)
COMPILER = g++
# default
MAKEFILES := 
# environment
UPSTART_SESSION = unix:abstract=/com/ubuntu/upstart-session/1000/1464
# environment
LC_NUMERIC = pt_BR.UTF-8
# automatic
<F = $(notdir $<)
# environment
LC_MEASUREMENT = pt_BR.UTF-8
# environment
INSTANCE = 
# environment
LC_ALL = C
# environment
QT4_IM_MODULE = xim
# makefile (from 'makefile', line 15)
LIBS = -lSDL2 -lSDL2_image -lSDL2_mixer -lSDL2_ttf -lm
# automatic
^F = $(notdir $^)
# default
SUFFIXES := 
# makefile (from 'makefile', line 20)
 
FLAGS = -std=c++11 -Wall -pedantic -Wextra -Werror=init-self -g
# environment
CHROME_DESKTOP = code-url-handler.desktop
# default
.INCLUDE_DIRS = /usr/include /usr/local/include /usr/include
# environment
LC_IDENTIFICATION = pt_BR.UTF-8
# default
.RECIPEPREFIX := 
# makefile (from 'makefile', line 26)
INC_PATH = include
# environment
LC_ADDRESS = pt_BR.UTF-8
# environment
LANG = C
# environment
VSCODE_PID = 28481
# variable set hash-table stats:
# Load=146/1024=14%, Rehash=0, Collisions=20/207=10%

# Pattern-specific Variable Values

# No pattern-specific variable values.

# Directories

# include (device 2050, inode 26477742): 31 files, no impossibilities.
# . (device 2050, inode 26476798): 12 files, no impossibilities.
# dep (device 2050, inode 2361691): No files, no impossibilities so far.
# src (device 2050, inode 26477741): 32 files, no impossibilities.

# 75 files, no impossibilities in 4 directories.

# Implicit Rules

bin/%.o: dep/%.d | folders
#  recipe to execute (from 'makefile', line 94):
	$(COMPILER) $(INC_PATHS) $(addprefix $(SRC_PATH)/,$(notdir $(<:.d=.cpp))) -c $(FLAGS) -o $@

dep/%.d: src/%.cpp | folders
#  recipe to execute (from 'makefile', line 98):
	$(COMPILER) $(INC_PATHS) $< $(DEP_FLAGS) $(FLAGS)

print-%:
#  recipe to execute (from 'makefile', line 130):
	 @echo $* = $($*)

# 3 implicit rules, 0 (0.0%) terminal.

# Files

# Not a target:
bin/Face.o:
#  Implicit rule search has not been done.
#  Modification time never checked.
#  File has not been updated.

# Not a target:
$:
#  Implicit rule search has not been done.
#  File does not exist.
#  File has not been updated.

# Not a target:
dep/PenguinCannon.d:
#  Precious file (prerequisite of .PRECIOUS).
#  Implicit rule search has not been done.
#  Modification time never checked.
#  File has not been updated.

# Not a target:
dep/State.d:
#  Precious file (prerequisite of .PRECIOUS).
#  Implicit rule search has not been done.
#  Modification time never checked.
#  File has not been updated.

# Not a target:
dep/InputManager.d:
#  Precious file (prerequisite of .PRECIOUS).
#  Implicit rule search has not been done.
#  Modification time never checked.
#  File has not been updated.

# Not a target:
dep/PeguinBody.d:
#  Precious file (prerequisite of .PRECIOUS).
#  Implicit rule search has not been done.
#  Modification time never checked.
#  File has not been updated.

all: Matheus_170152227
#  Command line target.
#  Implicit rule search has been done.
#  File does not exist.
#  File has been updated.
#  Needs to be updated (-q is set).
# variable set hash-table stats:
# Load=0/32=0%, Rehash=0, Collisions=0/7=0%

# Not a target:
dep/TileSet.d:
#  Precious file (prerequisite of .PRECIOUS).
#  Implicit rule search has not been done.
#  Modification time never checked.
#  File has not been updated.

# Not a target:
dep/Rect.d:
#  Precious file (prerequisite of .PRECIOUS).
#  Implicit rule search has not been done.
#  Modification time never checked.
#  File has not been updated.

.PHONY: release debug cppcheck valgrind clean folders help
#  Implicit rule search has not been done.
#  Modification time never checked.
#  File has not been updated.

# Not a target:
bin/State.o:
#  Implicit rule search has not been done.
#  Modification time never checked.
#  File has not been updated.

# Not a target:
bin/InputManager.o:
#  Implicit rule search has not been done.
#  Modification time never checked.
#  File has not been updated.

# Not a target:
bin/PeguinBody.o:
#  Implicit rule search has not been done.
#  Modification time never checked.
#  File has not been updated.

.PRECIOUS: dep/Alien.d dep/Bullet.d dep/Camera.d dep/CameraFollower.d dep/Collider.d dep/Collision.d dep/Component.d dep/EndState.d dep/Face.d dep/Game.d dep/GameData.d dep/GameObject.d dep/InputManager.d dep/Main.d dep/Minion.d dep/Music.d dep/PeguinBody.d dep/PeguinCannon.d dep/PenguinBody.d dep/PenguinCannon.d dep/Rect.d dep/Resources.d dep/SDL_include.d dep/Sound.d dep/Sprite.d dep/StageState.d dep/State.d dep/Text.d dep/TileMap.d dep/TileSet.d dep/Timer.d dep/TitleState.d dep/Vec2.d
#  Implicit rule search has not been done.
#  Modification time never checked.
#  File has not been updated.

# Not a target:
bin/TileSet.o:
#  Implicit rule search has not been done.
#  Modification time never checked.
#  File has not been updated.

# Not a target:
bin/Rect.o:
#  Implicit rule search has not been done.
#  Modification time never checked.
#  File has not been updated.

# Not a target:
dep/Sprite.d:
#  Precious file (prerequisite of .PRECIOUS).
#  Implicit rule search has not been done.
#  Modification time never checked.
#  File has not been updated.

# Not a target:
$(DEP_FILES):
#  Implicit rule search has been done.
#  Modification time never checked.
#  File has been updated.
#  Failed to be updated.

folders:
#  Phony target (prerequisite of .PHONY).
#  Implicit rule search has not been done.
#  Implicit/static pattern stem: ''
#  File does not exist.
#  File has been updated.
#  Needs to be updated (-q is set).
# automatic
# @ := folders
# automatic
# % := 
# automatic
# * := 
# automatic
# + := 
# automatic
# | := 
# automatic
# < := 
# automatic
# ^ := 
# automatic
# ? := 
# variable set hash-table stats:
# Load=8/32=25%, Rehash=0, Collisions=2/15=13%
#  recipe to execute (from 'makefile', line 126):
	@mkdir -p $(DEP_PATH) $(BIN_PATH) $(INC_PATH) $(SRC_PATH)

# Not a target:
dep/PenguinBody.d:
#  Precious file (prerequisite of .PRECIOUS).
#  Implicit rule search has not been done.
#  Modification time never checked.
#  File has not been updated.

# Not a target:
dep/Bullet.d:
#  Precious file (prerequisite of .PRECIOUS).
#  Implicit rule search has not been done.
#  Modification time never checked.
#  File has not been updated.

# Not a target:
dep/TitleState.d:
#  Precious file (prerequisite of .PRECIOUS).
#  Implicit rule search has not been done.
#  Modification time never checked.
#  File has not been updated.

# Not a target:
bin/Sprite.o:
#  Implicit rule search has not been done.
#  Modification time never checked.
#  File has not been updated.

# Not a target:
.SUFFIXES:
#  Implicit rule search has not been done.
#  Modification time never checked.
#  File has not been updated.

# Not a target:
dep/Resources.d:
#  Precious file (prerequisite of .PRECIOUS).
#  Implicit rule search has not been done.
#  Modification time never checked.
#  File has not been updated.

# makefile (from 'makefile', line 116)
debug: FLAGS += $(DFLAGS)
debug: Matheus_170152227
#  Phony target (prerequisite of .PHONY).
#  Implicit rule search has not been done.
#  File does not exist.
#  File has not been updated.
# variable set hash-table stats:
# Load=1/32=3%, Rehash=0, Collisions=0/2=0%

# Not a target:
bin/TitleState.o:
#  Implicit rule search has not been done.
#  Modification time never checked.
#  File has not been updated.

# Not a target:
makefile:
#  Implicit rule search has been done.
#  Last modified 2022-07-04 17:49:29.965504619
#  File has been updated.
#  Successfully updated.

# Not a target:
dep/SDL_include.d:
#  Precious file (prerequisite of .PRECIOUS).
#  Implicit rule search has not been done.
#  Modification time never checked.
#  File has not been updated.

# Not a target:
dep/TileMap.d:
#  Precious file (prerequisite of .PRECIOUS).
#  Implicit rule search has not been done.
#  Modification time never checked.
#  File has not been updated.

# Not a target:
dep/Alien.d:
#  Precious file (prerequisite of .PRECIOUS).
#  Implicit rule search has not been done.
#  Modification time never checked.
#  File has not been updated.

# Not a target:
dep/GameObject.d:
#  Precious file (prerequisite of .PRECIOUS).
#  Implicit rule search has not been done.
#  Modification time never checked.
#  File has not been updated.

# Not a target:
bin/CameraFollower.o:
#  Implicit rule search has not been done.
#  Modification time never checked.
#  File has not been updated.

# Not a target:
dep/Game.d:
#  Precious file (prerequisite of .PRECIOUS).
 
#  Implicit rule search has not been done.
#  Modification time never checked.
#  File has not been updated.

# Not a target:
bin/TileMap.o:
#  Implicit rule search has not been done.
#  Modification time never checked.
#  File has not been updated.

help:
#  Phony target (prerequisite of .PHONY).
#  Implicit rule search has not been done.
#  File does not exist.
#  File has not been updated.
#  recipe to execute (from 'makefile', line 136):
	@echo Available commands
	@echo - release:  Builds release version
	@echo - debug:    Builds debug version
	@echo - clean:    Cleans generated files
	@echo - cppcheck: Uses cppcheck on compiled objects
	@echo - valgrind: Uses valgrind on compiled executable
	@echo - help:     Shows help
	@echo - folders:  Generates project directories

# Not a target:
bin/Alien.o:
#  Implicit rule search has not been done.
#  Modification time never checked.
#  File has not been updated.

# Not a target:
bin/GameObject.o:
#  Implicit rule search has not been done.
#  Modification time never checked.
#  File has not been updated.

# Not a target:
bin/Resources.o:
#  Implicit rule search has not been done.
#  Modification time never checked.
#  File has not been updated.

.SECONDEXPANSION:
#  Implicit rule search has not been done.
#  Modification time never checked.
#  File has not been updated.

# Not a target:
bin/Collision.o:
#  Implicit rule search has not been done.
#  Modification time never checked.
#  File has not been updated.

# Not a target:
dep/Text.d:
#  Precious file (prerequisite of .PRECIOUS).
#  Implicit rule search has not been done.
#  Modification time never checked.
#  File has not been updated.

# Not a target:
bin/Game.o:
#  Implicit rule search has not been done.
#  Modification time never checked.
#  File has not been updated.

# Not a target:
dep/Minion.d:
#  Precious file (prerequisite of .PRECIOUS).
#  Implicit rule search has not been done.
#  Modification time never checked.
#  File has not been updated.

# Not a target:
dep/Camera.d:
#  Precious file (prerequisite of .PRECIOUS).
#  Implicit rule search has not been done.
#  Modification time never checked.
#  File has not been updated.

# Not a target:
dep/Collider.d:
#  Precious file (prerequisite of .PRECIOUS).
#  Implicit rule search has not been done.
#  Modification time never checked.
#  File has not been updated.

# Not a target:
dep/Timer.d:
#  Precious file (prerequisite of .PRECIOUS).
#  Implicit rule search has not been done.
#  Modification time never checked.
#  File has not been updated.

# makefile (from 'makefile', line 113)
release: FLAGS += $(RFLAGS)
release: Matheus_170152227
#  Phony target (prerequisite of .PHONY).
#  Implicit rule search has not been done.
#  File does not exist.
#  File has not been updated.
# variable set hash-table stats:
# Load=1/32=3%, Rehash=0, Collisions=0/2=0%

# Not a target:
bin/Text.o:
#  Implicit rule search has not been done.
#  Modification time never checked.
#  File has not been updated.

# Not a target:
.DEFAULT:
#  Implicit rule search has not been done.
#  Modification time never checked.
#  File has not been updated.

# Not a target:
dep/Sound.d:
#  Precious file (prerequisite of .PRECIOUS).
#  Implicit rule search has not been done.
#  Modification time never checked.
#  File has not been updated.

# Not a target:
bin/Minion.o:
#  Implicit rule search has not been done.
#  Modification time never checked.
#  File has not been updated.

# Not a target:
dep/CameraFollower.d:
#  Precious file (prerequisite of .PRECIOUS).
#  Implicit rule search has not been done.
#  Modification time never checked.
#  File has not been updated.

# Not a target:
bin/Camera.o:
#  Implicit rule search has not been done.
#  Modification time never checked.
#  File has not been updated.

# Not a target:
bin/Bullet.o:
#  Implicit rule search has not been done.
#  Modification time never checked.
#  File has not been updated.

# Not a target:
bin/Collider.o:
#  Implicit rule search has not been done.
#  Modification time never checked.
#  File has not been updated.

# Not a target:
bin/Timer.o:
#  Implicit rule search has not been done.
#  Modification time never checked.
#  File has not been updated.

# Not a target:
bin/Sound.o:
#  Implicit rule search has not been done.
#  Modification time never checked.
#  File has not been updated.

# Not a target:
dep/Component.d:
#  Precious file (prerequisite of .PRECIOUS).
#  Implicit rule search has not been done.
#  Modification time never checked.
#  File has not been updated.

# Not a target:
dep/EndState.d:
#  Precious file (prerequisite of .PRECIOUS).
#  Implicit rule search has not been done.
#  Modification time never checked.
#  File has not been updated.

clean:
#  Phony target (prerequisite of .PHONY).
#  Implicit rule search has not been done.
#  File does not exist.
#  File has not been updated.
#  recipe to execute (from 'makefile', line 101):
	-$(RMDIR) $(DEP_PATH)
	-$(RMDIR) $(BIN_PATH)
	-$(RM) $(EXEC)

# Not a target:
dep/Music.d:
#  Precious file (prerequisite of .PRECIOUS).
#  Implicit rule search has not been done.
#  Modification time never checked.
#  File has not been updated.

# Not a target:
dep/Main.d:
#  Precious file (prerequisite of .PRECIOUS).
#  Implicit rule search has not been done.
#  Modification time never checked.
#  File has not been updated.

# Not a target:
src/StageState.cpp:
#  Implicit rule search has been done.
#  Last modified 2022-09-20 18:13:06.916486109
#  File has been updated.
#  Successfully updated.

# Not a target:
dep/Collision.d:
#  Precious file (prerequisite of .PRECIOUS).
#  Implicit rule search has not been done.
#  Modification time never checked.
#  File has not been updated.

# Not a target:
bin/Component.o:
#  Implicit rule search has not been done.
#  Modification time never checked.
#  File has not been updated.

# Not a target:
bin/EndState.o:
#  Implicit rule search has not been done.
#  Modification time never checked.
#  File has not been updated.

# Not a target:
bin/Music.o:
#  Implicit rule search has not been done.
#  Modification time never checked.
#  File has not been updated.

# Not a target:
bin/Main.o:
#  Implicit rule search has not been done.
#  Modification time never checked.
#  File has not been updated.

dep/StageState.d: src/StageState.cpp | folders
#  Precious file (prerequisite of .PRECIOUS).
#  Implicit rule search has been done.
#  Implicit/static pattern stem: 'StageState'
#  Last modified 2022-09-20 18:15:12.714915957
#  File has been updated.
#  Needs to be updated (-q is set).
# variable set hash-table stats:
# Load=0/32=0%, Rehash=0, Collisions=0/7=0%
#  recipe to execute (from 'makefile', line 98):
	$(COMPILER) $(INC_PATHS) $< $(DEP_FLAGS) $(FLAGS)

bin/StageState.o: dep/StageState.d | folders
#  Implicit rule search has been done.
#  Implicit/static pattern stem: 'StageState'
#  Last modified 2022-09-20 18:15:13.510906534
#  File has been updated.
#  Needs to be updated (-q is set).
# variable set hash-table stats:
# Load=0/32=0%, Rehash=0, Collisions=0/7=0%
#  recipe to execute (from 'makefile', line 94):
	$(COMPILER) $(INC_PATHS) $(addprefix $(SRC_PATH)/,$(notdir $(<:.d=.cpp))) -c $(FLAGS) -o $@

# Not a target:
dep/Vec2.d:
#  Precious file (prerequisite of .PRECIOUS).
#  Implicit rule search has not been done.
#  Modification time never checked.
#  File has not been updated.

Matheus_170152227: bin/StageState.o bin/State.o bin/Sound.o bin/Resources.o bin/Game.o bin/EndState.o bin/Collider.o bin/Sprite.o bin/Alien.o bin/Camera.o bin/Vec2.o bin/Main.o bin/Text.o bin/Rect.o bin/Timer.o bin/Music.o bin/Component.o bin/TileMap.o bin/PeguinBody.o bin/InputManager.o bin/GameObject.o bin/Minion.o bin/GameData.o bin/Face.o bin/Collision.o bin/Bullet.o bin/TitleState.o bin/TileSet.o bin/PeguinCannon.o bin/CameraFollower.o
#  Implicit rule search has not been done.
#  File does not exist.
#  File has been updated.
 
#  Needs to be updated (-q is set).
# variable set hash-table stats:
# Load=0/32=0%, Rehash=0, Collisions=0/7=0%
#  recipe to execute (from 'makefile', line 90):
	$(COMPILER) -o $@ $^ $(LINK_PATH) $(LIBS) $(FLAGS)

# Not a target:
bin/Vec2.o:
#  Implicit rule search has not been done.
#  Modification time never checked.
#  File has not been updated.

# Not a target:
dep/GameData.d:
#  Precious file (prerequisite of .PRECIOUS).
#  Implicit rule search has not been done.
#  Modification time never checked.
#  File has not been updated.

# Not a target:
dep/PeguinCannon.d:
#  Precious file (prerequisite of .PRECIOUS).
#  Implicit rule search has not been done.
#  Modification time never checked.
#  File has not been updated.

valgrind:
#  Phony target (prerequisite of .PHONY).
#  Implicit rule search has not been done.
#  File does not exist.
#  File has not been updated.
#  recipe to execute (from 'makefile', line 111):
	valgrind -v --leak-check=full --show-leak-kinds=all --track-origins=yes --dsymutil=yes ./$(EXEC)

# Not a target:
dep/Face.d:
#  Precious file (prerequisite of .PRECIOUS).
#  Implicit rule search has not been done.
#  Modification time never checked.
#  File has not been updated.

cppcheck:
#  Phony target (prerequisite of .PHONY).
#  Implicit rule search has not been done.
#  File does not exist.
#  File has not been updated.
#  recipe to execute (from 'makefile', line 107):
	cppcheck --enable=all . -I./include --suppress=missingIncludeSystem

# Not a target:
bin/GameData.o:
#  Implicit rule search has not been done.
#  Modification time never checked.
#  File has not been updated.

# Not a target:
bin/PeguinCannon.o:
#  Implicit rule search has not been done.
#  Modification time never checked.
#  File has not been updated.

# files hash-table stats:
# Load=81/1024=8%, Rehash=0, Collisions=12/190=6%
# VPATH Search Paths

# No 'vpath' search paths.

# No general ('VPATH' variable) search path.

# strcache buffers: 1 (0) / strings = 158 / storage = 1894 B / avg = 11 B
# current buf: size = 8162 B / used = 1894 B / count = 158 / avg = 11 B

# strcache performance: lookups = 207 / hit rate = 23%
# hash-table stats:
# Load=158/8192=2%, Rehash=0, Collisions=8/207=4%
# Finished Make data base on Tue Sep 20 18:26:24 2022

 
